<?xml version="1.0" encoding="UTF-8"?>
<!-- Generated by org.testng.reporters.JUnitReportReporter -->
<testsuite hostname="WSAMZN-MVKF1909" failures="0" tests="3" name="com.gapi.testCases.CancelCustomerSupportTicket" time="11.537" errors="0" timestamp="2023-05-19T18:18:41 IST" skipped="0">
  <testcase classname="com.gapi.testCases.CancelCustomerSupportTicket" name="verifyCancelCustomerSupportTicket" time="3.946"/>
  <system-out/>
  <testcase classname="com.gapi.testCases.CancelCustomerSupportTicket" name="verifyCancelCustomerSupportTicket" time="3.714"/>
  <system-out/>
  <testcase classname="com.gapi.testCases.CancelCustomerSupportTicket" name="verifyCancelCustomerSupportTicket" time="3.877"/>
  <system-out/>
</testsuite> <!-- com.gapi.testCases.CancelCustomerSupportTicket -->
