<?xml version="1.0" encoding="UTF-8"?>
<!-- Generated by org.testng.reporters.JUnitReportReporter -->
<testsuite hostname="WSAMZN-MVKF1909" failures="0" tests="1" name="com.gapi.testCases.ZepyhrUpdate" time="2129.810" errors="0" timestamp="2023-05-15T19:33:48 IST" skipped="0">
  <testcase classname="com.gapi.testCases.ZepyhrUpdate" name="updateZephyrStatus" time="2129.810"/>
  <system-out/>
</testsuite> <!-- com.gapi.testCases.ZepyhrUpdate -->
