<?xml version="1.0" encoding="UTF-8"?>
<!-- Generated by org.testng.reporters.JUnitReportReporter -->
<testsuite hostname="WSAMZN-MVKF1909" failures="2" tests="44" name="com.gapi.testCases.GetCustomerSupportTicketDetails" time="110.495" errors="0" timestamp="2023-05-19T18:18:41 IST" skipped="2">
  <testcase classname="com.gapi.testCases.GetCustomerSupportTicketDetails" name="verifyGetAllWithCustomerSupportTicketFilters" time="1.910"/>
  <system-out/>
  <testcase classname="com.gapi.testCases.GetCustomerSupportTicketDetails" name="verifyGetAllWithCustomerSupportTicketFilters" time="3.154"/>
  <system-out/>
  <testcase classname="com.gapi.testCases.GetCustomerSupportTicketDetails" name="verifyGetAllWithCustomerSupportTicketFilters" time="1.997"/>
  <system-out/>
  <testcase classname="com.gapi.testCases.GetCustomerSupportTicketDetails" name="getCategoryListForCustomerSupportRequestType" time="0.258"/>
  <system-out/>
  <testcase classname="com.gapi.testCases.GetCustomerSupportTicketDetails" name="getCategoryListForCustomerSupportRequestType" time="0.293"/>
  <system-out/>
  <testcase classname="com.gapi.testCases.GetCustomerSupportTicketDetails" name="verifyGetAllWithCustomerSupportTicketFilters" time="2.354"/>
  <system-out/>
  <testcase classname="com.gapi.testCases.GetCustomerSupportTicketDetails" name="verifyGetAllWithCustomerSupportTicketFilters" time="3.347"/>
  <system-out/>
  <testcase classname="com.gapi.testCases.GetCustomerSupportTicketDetails" name="verifyGetAllWithCustomerSupportTicketFilters" time="3.415"/>
  <system-out/>
  <testcase classname="com.gapi.testCases.GetCustomerSupportTicketDetails" name="verifyGetAllWithCustomerSupportTicketFilters" time="1.791"/>
  <system-out/>
  <testcase classname="com.gapi.testCases.GetCustomerSupportTicketDetails" name="verifyGetAllWithCustomerSupportTicketFilters" time="3.311"/>
  <system-out/>
  <testcase classname="com.gapi.testCases.GetCustomerSupportTicketDetails" name="verifyGetAllWithCustomerSupportTicketFilters" time="1.839"/>
  <system-out/>
  <testcase classname="com.gapi.testCases.GetCustomerSupportTicketDetails" name="verifyGetAllWithCustomerSupportTicketFilters" time="2.963"/>
  <system-out/>
  <testcase classname="com.gapi.testCases.GetCustomerSupportTicketDetails" name="verifyGetAllWithCustomerSupportTicketFilters" time="3.351"/>
  <system-out/>
  <testcase classname="com.gapi.testCases.GetCustomerSupportTicketDetails" name="verifyGetAllWithCustomerSupportTicketFilters" time="1.923"/>
  <system-out/>
  <testcase classname="com.gapi.testCases.GetCustomerSupportTicketDetails" name="verifyGetAllWithCustomerSupportTicketFilters" time="3.501"/>
  <system-out/>
  <testcase classname="com.gapi.testCases.GetCustomerSupportTicketDetails" name="verifyGetAllWithCustomerSupportTicketFilters" time="3.863">
    <failure message="expected [true] but found [false]" type="java.lang.AssertionError">
      <![CDATA[java.lang.AssertionError: expected [true] but found [false]
at org.testng.Assert.fail(Assert.java:99)
at org.testng.Assert.failNotEquals(Assert.java:1037)
at org.testng.Assert.assertTrue(Assert.java:45)
at org.testng.Assert.assertTrue(Assert.java:55)
at com.gapi.testCases.GetCustomerSupportTicketDetails.verifyGetAllWithCustomerSupportTicketFilters(GetCustomerSupportTicketDetails.java:212)
at java.base/jdk.internal.reflect.DirectMethodHandleAccessor.invoke(DirectMethodHandleAccessor.java:104)
at java.base/java.lang.reflect.Method.invoke(Method.java:577)
at org.testng.internal.MethodInvocationHelper.invokeMethod(MethodInvocationHelper.java:133)
at org.testng.internal.TestInvoker.invokeMethod(TestInvoker.java:598)
at org.testng.internal.TestInvoker.retryFailed(TestInvoker.java:213)
at org.testng.internal.MethodRunner.runInSequence(MethodRunner.java:58)
at org.testng.internal.TestInvoker$MethodInvocationAgent.invoke(TestInvoker.java:824)
at org.testng.internal.TestInvoker.invokeTestMethods(TestInvoker.java:146)
at org.testng.internal.TestMethodWorker.invokeTestMethods(TestMethodWorker.java:146)
at org.testng.internal.TestMethodWorker.run(TestMethodWorker.java:128)
at java.base/java.util.ArrayList.forEach(ArrayList.java:1511)
at org.testng.TestRunner.privateRun(TestRunner.java:794)
at org.testng.TestRunner.run(TestRunner.java:596)
at org.testng.SuiteRunner.runTest(SuiteRunner.java:377)
at org.testng.SuiteRunner.runSequentially(SuiteRunner.java:371)
at org.testng.SuiteRunner.privateRun(SuiteRunner.java:332)
at org.testng.SuiteRunner.run(SuiteRunner.java:276)
at org.testng.SuiteRunnerWorker.runSuite(SuiteRunnerWorker.java:53)
at org.testng.SuiteRunnerWorker.run(SuiteRunnerWorker.java:96)
at org.testng.TestNG.runSuitesSequentially(TestNG.java:1212)
at org.testng.TestNG.runSuitesLocally(TestNG.java:1134)
at org.testng.TestNG.runSuites(TestNG.java:1063)
at org.testng.TestNG.run(TestNG.java:1031)
at org.testng.remote.AbstractRemoteTestNG.run(AbstractRemoteTestNG.java:115)
at org.testng.remote.RemoteTestNG.initAndRun(RemoteTestNG.java:251)
at org.testng.remote.RemoteTestNG.main(RemoteTestNG.java:77)
]]>
    </failure>
  </testcase> <!-- verifyGetAllWithCustomerSupportTicketFilters -->
  <system-out/>
  <testcase classname="com.gapi.testCases.GetCustomerSupportTicketDetails" name="verifyGetAllWithCustomerSupportTicketFilters" time="1.919"/>
  <system-out/>
  <testcase classname="com.gapi.testCases.GetCustomerSupportTicketDetails" name="verifyGetAllWithCustomerSupportTicketFilters" time="3.146">
    <skipped/>
  </testcase> <!-- verifyGetAllWithCustomerSupportTicketFilters -->
  <system-out/>
  <testcase classname="com.gapi.testCases.GetCustomerSupportTicketDetails" name="verifyGetAllWithCustomerSupportTicketFilters" time="3.267"/>
  <system-out/>
  <testcase classname="com.gapi.testCases.GetCustomerSupportTicketDetails" name="verifyGetAllWithCustomerSupportTicketFilters" time="3.360"/>
  <system-out/>
  <testcase classname="com.gapi.testCases.GetCustomerSupportTicketDetails" name="getCategoryListForCustomerSupportRequestType" time="0.316"/>
  <system-out/>
  <testcase classname="com.gapi.testCases.GetCustomerSupportTicketDetails" name="verifyGetAllWithCustomerSupportTicketFilters" time="1.700"/>
  <system-out/>
  <testcase classname="com.gapi.testCases.GetCustomerSupportTicketDetails" name="verifyGetAllWithCustomerSupportTicketFilters" time="2.418"/>
  <system-out/>
  <testcase classname="com.gapi.testCases.GetCustomerSupportTicketDetails" name="verifyGetAllWithCustomerSupportTicketFilters" time="3.463"/>
  <system-out/>
  <testcase classname="com.gapi.testCases.GetCustomerSupportTicketDetails" name="verifyGetAllWithCustomerSupportTicketFilters" time="3.659"/>
  <system-out/>
  <testcase classname="com.gapi.testCases.GetCustomerSupportTicketDetails" name="verifyCustomerSupportTicketInfoByInvalidId" time="0.425"/>
  <system-out/>
  <testcase classname="com.gapi.testCases.GetCustomerSupportTicketDetails" name="verifyGetAllWithCustomerSupportTicketFilters" time="1.911"/>
  <system-out/>
  <testcase classname="com.gapi.testCases.GetCustomerSupportTicketDetails" name="verifyGetAllWithCustomerSupportTicketFilters" time="3.429"/>
  <system-out/>
  <testcase classname="com.gapi.testCases.GetCustomerSupportTicketDetails" name="verifyGetAllWithCustomerSupportTicketFilters" time="3.168"/>
  <system-out/>
  <testcase classname="com.gapi.testCases.GetCustomerSupportTicketDetails" name="verifyGetAllWithCustomerSupportTicketFilters" time="3.739">
    <skipped/>
  </testcase> <!-- verifyGetAllWithCustomerSupportTicketFilters -->
  <system-out/>
  <testcase classname="com.gapi.testCases.GetCustomerSupportTicketDetails" name="verifyGetAllWithCustomerSupportTicketFilters" time="3.426"/>
  <system-out/>
  <testcase classname="com.gapi.testCases.GetCustomerSupportTicketDetails" name="getCategoryListForCustomerSupportRequestType" time="0.326"/>
  <system-out/>
  <testcase classname="com.gapi.testCases.GetCustomerSupportTicketDetails" name="getCategoryListForCustomerSupportRequestType" time="0.285"/>
  <system-out/>
  <testcase classname="com.gapi.testCases.GetCustomerSupportTicketDetails" name="verifyGetAllWithCustomerSupportTicketFilters" time="3.441"/>
  <system-out/>
  <testcase classname="com.gapi.testCases.GetCustomerSupportTicketDetails" name="verifyGetAllWithCustomerSupportTicketFilters" time="1.684"/>
  <system-out/>
  <testcase classname="com.gapi.testCases.GetCustomerSupportTicketDetails" name="verifyGetAllWithCustomerSupportTicketFilters" time="1.731"/>
  <system-out/>
  <testcase classname="com.gapi.testCases.GetCustomerSupportTicketDetails" name="verifyGetAllWithCustomerSupportTicketFilters" time="3.416"/>
  <system-out/>
  <testcase classname="com.gapi.testCases.GetCustomerSupportTicketDetails" name="verifyGetAllWithCustomerSupportTicketFilters" time="2.852"/>
  <system-out/>
  <testcase classname="com.gapi.testCases.GetCustomerSupportTicketDetails" name="verifyGetAllWithCustomerSupportTicketFilters" time="3.141">
    <failure message="expected [true] but found [false]" type="java.lang.AssertionError">
      <![CDATA[java.lang.AssertionError: expected [true] but found [false]
at org.testng.Assert.fail(Assert.java:99)
at org.testng.Assert.failNotEquals(Assert.java:1037)
at org.testng.Assert.assertTrue(Assert.java:45)
at org.testng.Assert.assertTrue(Assert.java:55)
at com.gapi.testCases.GetCustomerSupportTicketDetails.verifyCategoryValue(GetCustomerSupportTicketDetails.java:231)
at com.gapi.testCases.GetCustomerSupportTicketDetails.verifyGetAllWithCustomerSupportTicketFilters(GetCustomerSupportTicketDetails.java:214)
at java.base/jdk.internal.reflect.DirectMethodHandleAccessor.invoke(DirectMethodHandleAccessor.java:104)
at java.base/java.lang.reflect.Method.invoke(Method.java:577)
at org.testng.internal.MethodInvocationHelper.invokeMethod(MethodInvocationHelper.java:133)
at org.testng.internal.TestInvoker.invokeMethod(TestInvoker.java:598)
at org.testng.internal.TestInvoker.retryFailed(TestInvoker.java:213)
at org.testng.internal.MethodRunner.runInSequence(MethodRunner.java:58)
at org.testng.internal.TestInvoker$MethodInvocationAgent.invoke(TestInvoker.java:824)
at org.testng.internal.TestInvoker.invokeTestMethods(TestInvoker.java:146)
at org.testng.internal.TestMethodWorker.invokeTestMethods(TestMethodWorker.java:146)
at org.testng.internal.TestMethodWorker.run(TestMethodWorker.java:128)
at java.base/java.util.ArrayList.forEach(ArrayList.java:1511)
at org.testng.TestRunner.privateRun(TestRunner.java:794)
at org.testng.TestRunner.run(TestRunner.java:596)
at org.testng.SuiteRunner.runTest(SuiteRunner.java:377)
at org.testng.SuiteRunner.runSequentially(SuiteRunner.java:371)
at org.testng.SuiteRunner.privateRun(SuiteRunner.java:332)
at org.testng.SuiteRunner.run(SuiteRunner.java:276)
at org.testng.SuiteRunnerWorker.runSuite(SuiteRunnerWorker.java:53)
at org.testng.SuiteRunnerWorker.run(SuiteRunnerWorker.java:96)
at org.testng.TestNG.runSuitesSequentially(TestNG.java:1212)
at org.testng.TestNG.runSuitesLocally(TestNG.java:1134)
at org.testng.TestNG.runSuites(TestNG.java:1063)
at org.testng.TestNG.run(TestNG.java:1031)
at org.testng.remote.AbstractRemoteTestNG.run(AbstractRemoteTestNG.java:115)
at org.testng.remote.RemoteTestNG.initAndRun(RemoteTestNG.java:251)
at org.testng.remote.RemoteTestNG.main(RemoteTestNG.java:77)
]]>
    </failure>
  </testcase> <!-- verifyGetAllWithCustomerSupportTicketFilters -->
  <system-out/>
  <testcase classname="com.gapi.testCases.GetCustomerSupportTicketDetails" name="verifyGetAllWithCustomerSupportTicketFilters" time="3.710"/>
  <system-out/>
  <testcase classname="com.gapi.testCases.GetCustomerSupportTicketDetails" name="verifyGetAllWithCustomerSupportTicketFilters" time="2.403"/>
  <system-out/>
  <testcase classname="com.gapi.testCases.GetCustomerSupportTicketDetails" name="verifyGetAllWithCustomerSupportTicketFilters" time="3.482"/>
  <system-out/>
  <testcase classname="com.gapi.testCases.GetCustomerSupportTicketDetails" name="verifyGetAllWithCustomerSupportTicketFilters" time="1.966"/>
  <system-out/>
  <testcase classname="com.gapi.testCases.GetCustomerSupportTicketDetails" name="verifyGetAllWithCustomerSupportTicketFilters" time="3.442"/>
  <system-out/>
</testsuite> <!-- com.gapi.testCases.GetCustomerSupportTicketDetails -->
