<?xml version="1.0" encoding="UTF-8"?>
<!-- Generated by org.testng.reporters.JUnitReportReporter -->
<testsuite hostname="WSAMZN-MVKF1909" failures="0" tests="7" name="com.gapi.testCases.GetCities" time="4.554" errors="0" timestamp="2023-05-19T18:18:41 IST" skipped="0">
  <testcase classname="com.gapi.testCases.GetCities" name="getCitiesInformationUsingDifferentFilters" time="0.607"/>
  <system-out/>
  <testcase classname="com.gapi.testCases.GetCities" name="getCitiesInformationUsingDifferentFilters" time="0.573"/>
  <system-out/>
  <testcase classname="com.gapi.testCases.GetCities" name="getCitiesInformationUsingDifferentFilters" time="0.794"/>
  <system-out/>
  <testcase classname="com.gapi.testCases.GetCities" name="getCitiesInformationUsingDifferentFilters" time="0.584"/>
  <system-out/>
  <testcase classname="com.gapi.testCases.GetCities" name="getCitiesInformation" time="0.846"/>
  <system-out/>
  <testcase classname="com.gapi.testCases.GetCities" name="getCitiesInformationUsingDifferentFilters" time="0.595"/>
  <system-out/>
  <testcase classname="com.gapi.testCases.GetCities" name="getCitiesInformationUsingDifferentFilters" time="0.555"/>
  <system-out/>
</testsuite> <!-- com.gapi.testCases.GetCities -->
