<?xml version="1.0" encoding="UTF-8"?>
<!-- Generated by org.testng.reporters.JUnitReportReporter -->
<testsuite hostname="WSAMZN-MVKF1909" failures="0" tests="2" name="com.gapi.testCases.CancelRemoteHandsTicket" time="4.170" errors="0" timestamp="2023-05-19T18:18:41 IST" skipped="0">
  <testcase classname="com.gapi.testCases.CancelRemoteHandsTicket" name="verifyCancelRemoteHandsTicketwithoutID" time="0.507"/>
  <system-out/>
  <testcase classname="com.gapi.testCases.CancelRemoteHandsTicket" name="verifyCancelRemoteHandsTicket" time="3.663"/>
  <system-out/>
</testsuite> <!-- com.gapi.testCases.CancelRemoteHandsTicket -->
