<?xml version="1.0" encoding="UTF-8"?>
<!-- Generated by org.testng.reporters.JUnitReportReporter -->
<testsuite hostname="WSAMZN-MVKF1909" failures="3" tests="42" name="com.gapi.testCases.GetServiceTicketDetails" time="147.982" errors="0" timestamp="2023-05-19T18:18:41 IST" skipped="3">
  <testcase classname="com.gapi.testCases.GetServiceTicketDetails" name="verifyGetAllWithServiceTicketFilters" time="3.753"/>
  <system-out/>
  <testcase classname="com.gapi.testCases.GetServiceTicketDetails" name="verifyGetAllWithServiceTicketFilters" time="3.598">
    <failure message="expected [true] but found [false]" type="java.lang.AssertionError">
      <![CDATA[java.lang.AssertionError: expected [true] but found [false]
at org.testng.Assert.fail(Assert.java:99)
at org.testng.Assert.failNotEquals(Assert.java:1037)
at org.testng.Assert.assertTrue(Assert.java:45)
at org.testng.Assert.assertTrue(Assert.java:55)
at com.gapi.testCases.GetServiceTicketDetails.verifyGetAllWithServiceTicketFilters(GetServiceTicketDetails.java:160)
at java.base/jdk.internal.reflect.DirectMethodHandleAccessor.invoke(DirectMethodHandleAccessor.java:104)
at java.base/java.lang.reflect.Method.invoke(Method.java:577)
at org.testng.internal.MethodInvocationHelper.invokeMethod(MethodInvocationHelper.java:133)
at org.testng.internal.TestInvoker.invokeMethod(TestInvoker.java:598)
at org.testng.internal.TestInvoker.retryFailed(TestInvoker.java:213)
at org.testng.internal.MethodRunner.runInSequence(MethodRunner.java:58)
at org.testng.internal.TestInvoker$MethodInvocationAgent.invoke(TestInvoker.java:824)
at org.testng.internal.TestInvoker.invokeTestMethods(TestInvoker.java:146)
at org.testng.internal.TestMethodWorker.invokeTestMethods(TestMethodWorker.java:146)
at org.testng.internal.TestMethodWorker.run(TestMethodWorker.java:128)
at java.base/java.util.ArrayList.forEach(ArrayList.java:1511)
at org.testng.TestRunner.privateRun(TestRunner.java:794)
at org.testng.TestRunner.run(TestRunner.java:596)
at org.testng.SuiteRunner.runTest(SuiteRunner.java:377)
at org.testng.SuiteRunner.runSequentially(SuiteRunner.java:371)
at org.testng.SuiteRunner.privateRun(SuiteRunner.java:332)
at org.testng.SuiteRunner.run(SuiteRunner.java:276)
at org.testng.SuiteRunnerWorker.runSuite(SuiteRunnerWorker.java:53)
at org.testng.SuiteRunnerWorker.run(SuiteRunnerWorker.java:96)
at org.testng.TestNG.runSuitesSequentially(TestNG.java:1212)
at org.testng.TestNG.runSuitesLocally(TestNG.java:1134)
at org.testng.TestNG.runSuites(TestNG.java:1063)
at org.testng.TestNG.run(TestNG.java:1031)
at org.testng.remote.AbstractRemoteTestNG.run(AbstractRemoteTestNG.java:115)
at org.testng.remote.RemoteTestNG.initAndRun(RemoteTestNG.java:251)
at org.testng.remote.RemoteTestNG.main(RemoteTestNG.java:77)
]]>
    </failure>
  </testcase> <!-- verifyGetAllWithServiceTicketFilters -->
  <system-out/>
  <testcase classname="com.gapi.testCases.GetServiceTicketDetails" name="verifyGetAllWithServiceTicketFilters" time="3.812"/>
  <system-out/>
  <testcase classname="com.gapi.testCases.GetServiceTicketDetails" name="verifyGetAllWithServiceTicketFilters" time="3.583"/>
  <system-out/>
  <testcase classname="com.gapi.testCases.GetServiceTicketDetails" name="verifyGetAllWithServiceTicketFilters" time="3.618"/>
  <system-out/>
  <testcase classname="com.gapi.testCases.GetServiceTicketDetails" name="verifyGetAllWithServiceTicketFilters" time="3.399"/>
  <system-out/>
  <testcase classname="com.gapi.testCases.GetServiceTicketDetails" name="verifyGetAllWithServiceTicketFilters" time="3.575"/>
  <system-out/>
  <testcase classname="com.gapi.testCases.GetServiceTicketDetails" name="verifyGetAllWithServiceTicketFilters" time="3.830"/>
  <system-out/>
  <testcase classname="com.gapi.testCases.GetServiceTicketDetails" name="verifyGetAllWithServiceTicketFilters" time="3.804"/>
  <system-out/>
  <testcase classname="com.gapi.testCases.GetServiceTicketDetails" name="verifyGetAllWithServiceTicketFilters" time="3.643"/>
  <system-out/>
  <testcase classname="com.gapi.testCases.GetServiceTicketDetails" name="verifyGetAllWithServiceTicketFilters" time="3.455">
    <skipped/>
  </testcase> <!-- verifyGetAllWithServiceTicketFilters -->
  <system-out/>
  <testcase classname="com.gapi.testCases.GetServiceTicketDetails" name="verifyGetAllWithServiceTicketFilters" time="4.517"/>
  <system-out/>
  <testcase classname="com.gapi.testCases.GetServiceTicketDetails" name="verifyGetAllWithServiceTicketFilters" time="2.932"/>
  <system-out/>
  <testcase classname="com.gapi.testCases.GetServiceTicketDetails" name="verifyGetAllWithServiceTicketFilters" time="3.592"/>
  <system-out/>
  <testcase classname="com.gapi.testCases.GetServiceTicketDetails" name="verifyGetAllWithServiceTicketFilters" time="3.502"/>
  <system-out/>
  <testcase classname="com.gapi.testCases.GetServiceTicketDetails" name="verifyGetAllWithServiceTicketFilters" time="3.264">
    <failure message="expected [true] but found [false]" type="java.lang.AssertionError">
      <![CDATA[java.lang.AssertionError: expected [true] but found [false]
at org.testng.Assert.fail(Assert.java:99)
at org.testng.Assert.failNotEquals(Assert.java:1037)
at org.testng.Assert.assertTrue(Assert.java:45)
at org.testng.Assert.assertTrue(Assert.java:55)
at com.gapi.testCases.GetServiceTicketDetails.verifyGetAllWithServiceTicketFilters(GetServiceTicketDetails.java:132)
at java.base/jdk.internal.reflect.DirectMethodHandleAccessor.invoke(DirectMethodHandleAccessor.java:104)
at java.base/java.lang.reflect.Method.invoke(Method.java:577)
at org.testng.internal.MethodInvocationHelper.invokeMethod(MethodInvocationHelper.java:133)
at org.testng.internal.TestInvoker.invokeMethod(TestInvoker.java:598)
at org.testng.internal.TestInvoker.retryFailed(TestInvoker.java:213)
at org.testng.internal.MethodRunner.runInSequence(MethodRunner.java:58)
at org.testng.internal.TestInvoker$MethodInvocationAgent.invoke(TestInvoker.java:824)
at org.testng.internal.TestInvoker.invokeTestMethods(TestInvoker.java:146)
at org.testng.internal.TestMethodWorker.invokeTestMethods(TestMethodWorker.java:146)
at org.testng.internal.TestMethodWorker.run(TestMethodWorker.java:128)
at java.base/java.util.ArrayList.forEach(ArrayList.java:1511)
at org.testng.TestRunner.privateRun(TestRunner.java:794)
at org.testng.TestRunner.run(TestRunner.java:596)
at org.testng.SuiteRunner.runTest(SuiteRunner.java:377)
at org.testng.SuiteRunner.runSequentially(SuiteRunner.java:371)
at org.testng.SuiteRunner.privateRun(SuiteRunner.java:332)
at org.testng.SuiteRunner.run(SuiteRunner.java:276)
at org.testng.SuiteRunnerWorker.runSuite(SuiteRunnerWorker.java:53)
at org.testng.SuiteRunnerWorker.run(SuiteRunnerWorker.java:96)
at org.testng.TestNG.runSuitesSequentially(TestNG.java:1212)
at org.testng.TestNG.runSuitesLocally(TestNG.java:1134)
at org.testng.TestNG.runSuites(TestNG.java:1063)
at org.testng.TestNG.run(TestNG.java:1031)
at org.testng.remote.AbstractRemoteTestNG.run(AbstractRemoteTestNG.java:115)
at org.testng.remote.RemoteTestNG.initAndRun(RemoteTestNG.java:251)
at org.testng.remote.RemoteTestNG.main(RemoteTestNG.java:77)
]]>
    </failure>
  </testcase> <!-- verifyGetAllWithServiceTicketFilters -->
  <system-out/>
  <testcase classname="com.gapi.testCases.GetServiceTicketDetails" name="verifyGetAllWithServiceTicketFilters" time="3.452"/>
  <system-out/>
  <testcase classname="com.gapi.testCases.GetServiceTicketDetails" name="verifyGetAllWithServiceTicketFilters" time="3.385"/>
  <system-out/>
  <testcase classname="com.gapi.testCases.GetServiceTicketDetails" name="verifyGetAllWithServiceTicketFilters" time="3.548"/>
  <system-out/>
  <testcase classname="com.gapi.testCases.GetServiceTicketDetails" name="verifyGetAllWithServiceTicketFilters" time="3.211"/>
  <system-out/>
  <testcase classname="com.gapi.testCases.GetServiceTicketDetails" name="verifyGetAllWithServiceTicketFilters" time="3.536"/>
  <system-out/>
  <testcase classname="com.gapi.testCases.GetServiceTicketDetails" name="verifyGetAllWithServiceTicketFilters" time="3.358"/>
  <system-out/>
  <testcase classname="com.gapi.testCases.GetServiceTicketDetails" name="verifyGetAllWithServiceTicketFilters" time="3.436"/>
  <system-out/>
  <testcase classname="com.gapi.testCases.GetServiceTicketDetails" name="verifyGetAllWithServiceTicketFilters" time="3.403"/>
  <system-out/>
  <testcase classname="com.gapi.testCases.GetServiceTicketDetails" name="verifyGetAllWithServiceTicketFilters" time="3.490">
    <failure message="expected [true] but found [false]" type="java.lang.AssertionError">
      <![CDATA[java.lang.AssertionError: expected [true] but found [false]
at org.testng.Assert.fail(Assert.java:99)
at org.testng.Assert.failNotEquals(Assert.java:1037)
at org.testng.Assert.assertTrue(Assert.java:45)
at org.testng.Assert.assertTrue(Assert.java:55)
at com.gapi.testCases.GetServiceTicketDetails.verifyGetAllWithServiceTicketFilters(GetServiceTicketDetails.java:132)
at java.base/jdk.internal.reflect.DirectMethodHandleAccessor.invoke(DirectMethodHandleAccessor.java:104)
at java.base/java.lang.reflect.Method.invoke(Method.java:577)
at org.testng.internal.MethodInvocationHelper.invokeMethod(MethodInvocationHelper.java:133)
at org.testng.internal.TestInvoker.invokeMethod(TestInvoker.java:598)
at org.testng.internal.TestInvoker.retryFailed(TestInvoker.java:213)
at org.testng.internal.MethodRunner.runInSequence(MethodRunner.java:58)
at org.testng.internal.TestInvoker$MethodInvocationAgent.invoke(TestInvoker.java:824)
at org.testng.internal.TestInvoker.invokeTestMethods(TestInvoker.java:146)
at org.testng.internal.TestMethodWorker.invokeTestMethods(TestMethodWorker.java:146)
at org.testng.internal.TestMethodWorker.run(TestMethodWorker.java:128)
at java.base/java.util.ArrayList.forEach(ArrayList.java:1511)
at org.testng.TestRunner.privateRun(TestRunner.java:794)
at org.testng.TestRunner.run(TestRunner.java:596)
at org.testng.SuiteRunner.runTest(SuiteRunner.java:377)
at org.testng.SuiteRunner.runSequentially(SuiteRunner.java:371)
at org.testng.SuiteRunner.privateRun(SuiteRunner.java:332)
at org.testng.SuiteRunner.run(SuiteRunner.java:276)
at org.testng.SuiteRunnerWorker.runSuite(SuiteRunnerWorker.java:53)
at org.testng.SuiteRunnerWorker.run(SuiteRunnerWorker.java:96)
at org.testng.TestNG.runSuitesSequentially(TestNG.java:1212)
at org.testng.TestNG.runSuitesLocally(TestNG.java:1134)
at org.testng.TestNG.runSuites(TestNG.java:1063)
at org.testng.TestNG.run(TestNG.java:1031)
at org.testng.remote.AbstractRemoteTestNG.run(AbstractRemoteTestNG.java:115)
at org.testng.remote.RemoteTestNG.initAndRun(RemoteTestNG.java:251)
at org.testng.remote.RemoteTestNG.main(RemoteTestNG.java:77)
]]>
    </failure>
  </testcase> <!-- verifyGetAllWithServiceTicketFilters -->
  <system-out/>
  <testcase classname="com.gapi.testCases.GetServiceTicketDetails" name="verifyGetAllWithServiceTicketFilters" time="3.494"/>
  <system-out/>
  <testcase classname="com.gapi.testCases.GetServiceTicketDetails" name="verifyGetAllWithServiceTicketFilters" time="3.511"/>
  <system-out/>
  <testcase classname="com.gapi.testCases.GetServiceTicketDetails" name="verifyGetAllWithServiceTicketFilters" time="2.804"/>
  <system-out/>
  <testcase classname="com.gapi.testCases.GetServiceTicketDetails" name="verifyGetAllWithServiceTicketFilters" time="3.487"/>
  <system-out/>
  <testcase classname="com.gapi.testCases.GetServiceTicketDetails" name="verifyGetAllWithServiceTicketFilters" time="3.587"/>
  <system-out/>
  <testcase classname="com.gapi.testCases.GetServiceTicketDetails" name="verifyGetAllWithServiceTicketFilters" time="3.376"/>
  <system-out/>
  <testcase classname="com.gapi.testCases.GetServiceTicketDetails" name="verifyGetAllWithServiceTicketFilters" time="3.526"/>
  <system-out/>
  <testcase classname="com.gapi.testCases.GetServiceTicketDetails" name="verifyGetAllWithServiceTicketFilters" time="3.525"/>
  <system-out/>
  <testcase classname="com.gapi.testCases.GetServiceTicketDetails" name="verifyGetAllWithServiceTicketFilters" time="3.612"/>
  <system-out/>
  <testcase classname="com.gapi.testCases.GetServiceTicketDetails" name="verifyGetAllWithServiceTicketFilters" time="3.595"/>
  <system-out/>
  <testcase classname="com.gapi.testCases.GetServiceTicketDetails" name="verifyGetAllWithServiceTicketFilters" time="3.213">
    <skipped/>
  </testcase> <!-- verifyGetAllWithServiceTicketFilters -->
  <system-out/>
  <testcase classname="com.gapi.testCases.GetServiceTicketDetails" name="verifyGetAllWithServiceTicketFilters" time="3.730"/>
  <system-out/>
  <testcase classname="com.gapi.testCases.GetServiceTicketDetails" name="verifyGetAllWithServiceTicketFilters" time="3.427"/>
  <system-out/>
  <testcase classname="com.gapi.testCases.GetServiceTicketDetails" name="verifyGetAllWithServiceTicketFilters" time="3.730">
    <skipped/>
  </testcase> <!-- verifyGetAllWithServiceTicketFilters -->
  <system-out/>
  <testcase classname="com.gapi.testCases.GetServiceTicketDetails" name="verifyGetAllWithServiceTicketFilters" time="3.441"/>
  <system-out/>
  <testcase classname="com.gapi.testCases.GetServiceTicketDetails" name="verifyGetAllWithServiceTicketFilters" time="3.533"/>
  <system-out/>
  <testcase classname="com.gapi.testCases.GetServiceTicketDetails" name="verifyGetAllWithServiceTicketFilters" time="3.695"/>
  <system-out/>
</testsuite> <!-- com.gapi.testCases.GetServiceTicketDetails -->
