<?xml version="1.0" encoding="UTF-8"?>
<!-- Generated by org.testng.reporters.JUnitReportReporter -->
<testsuite hostname="WSAMZN-MVKF1909" failures="0" tests="2" name="com.gapi.testCases.EditRemoteHandsTicket" time="10.864" errors="0" timestamp="2023-05-19T18:18:41 IST" skipped="0">
  <testcase classname="com.gapi.testCases.EditRemoteHandsTicket" name="verifyEditCustomerReferenceOfAnExistingRemoteHandsTicket" time="5.809"/>
  <system-out/>
  <testcase classname="com.gapi.testCases.EditRemoteHandsTicket" name="verifyEditNotificationRecipientsOfAnExistingRemoteHandsTicket" time="5.055"/>
  <system-out/>
</testsuite> <!-- com.gapi.testCases.EditRemoteHandsTicket -->
