<?xml version="1.0" encoding="UTF-8"?>
<!-- Generated by org.testng.reporters.JUnitReportReporter -->
<testsuite hostname="WSAMZN-MVKF1909" failures="0" tests="17" name="com.gapi.testCases.GetSites" time="10.904" errors="0" timestamp="2023-05-19T18:18:41 IST" skipped="0">
  <testcase classname="com.gapi.testCases.GetSites" name="getAllSiteDetailsinfo" time="0.563"/>
  <system-out/>
  <testcase classname="com.gapi.testCases.GetSites" name="getAllSiteDetailsinfo" time="0.643"/>
  <system-out/>
  <testcase classname="com.gapi.testCases.GetSites" name="getAllSiteDetailsinfo" time="0.636"/>
  <system-out/>
  <testcase classname="com.gapi.testCases.GetSites" name="getAllSiteDetailsinfo" time="0.620"/>
  <system-out/>
  <testcase classname="com.gapi.testCases.GetSites" name="getAllSiteDetailsinfo" time="0.626"/>
  <system-out/>
  <testcase classname="com.gapi.testCases.GetSites" name="getAllSiteDetailsinfo" time="0.561"/>
  <system-out/>
  <testcase classname="com.gapi.testCases.GetSites" name="getAllSiteDetailsinfo" time="0.682"/>
  <system-out/>
  <testcase classname="com.gapi.testCases.GetSites" name="getAllSiteDetailsinfo" time="0.629"/>
  <system-out/>
  <testcase classname="com.gapi.testCases.GetSites" name="getAllSiteDetailsinfo" time="0.609"/>
  <system-out/>
  <testcase classname="com.gapi.testCases.GetSites" name="getAllSiteDetailsinfo" time="0.766"/>
  <system-out/>
  <testcase classname="com.gapi.testCases.GetSites" name="getAllSiteDetailsinfo" time="0.619"/>
  <system-out/>
  <testcase classname="com.gapi.testCases.GetSites" name="getAllSiteDetailsinfo" time="0.604"/>
  <system-out/>
  <testcase classname="com.gapi.testCases.GetSites" name="getAllSiteDetailsinfo" time="0.602"/>
  <system-out/>
  <testcase classname="com.gapi.testCases.GetSites" name="getAllSiteDetailsinfo" time="0.558"/>
  <system-out/>
  <testcase classname="com.gapi.testCases.GetSites" name="getAllSiteDetailsinfo" time="0.631"/>
  <system-out/>
  <testcase classname="com.gapi.testCases.GetSites" name="getAllSiteDetailsinfo" time="0.653"/>
  <system-out/>
  <testcase classname="com.gapi.testCases.GetSites" name="getAllSiteDetailsinfo" time="0.902"/>
  <system-out/>
</testsuite> <!-- com.gapi.testCases.GetSites -->
