<?xml version="1.0" encoding="UTF-8"?>
<!-- Generated by org.testng.reporters.JUnitReportReporter -->
<testsuite hostname="WSAMZN-MVKF1909" failures="0" tests="26" name="com.gapi.testCases.UsersRBAC" time="21.411" errors="0" timestamp="2023-05-19T18:18:41 IST" skipped="0">
  <testcase classname="com.gapi.testCases.UsersRBAC" name="createUserdetailsRBAC" time="0.397"/>
  <system-out/>
  <testcase classname="com.gapi.testCases.UsersRBAC" name="retrieveUsercommentsRemoteHandsTicketRBAC" time="2.181"/>
  <system-out/>
  <testcase classname="com.gapi.testCases.UsersRBAC" name="retrieveUserAccountAssociationRBAC" time="0.615"/>
  <system-out/>
  <testcase classname="com.gapi.testCases.UsersRBAC" name="getUserdetailsRBAC" time="0.381"/>
  <system-out/>
  <testcase classname="com.gapi.testCases.UsersRBAC" name="userAccountAssociationRBAC" time="0.941"/>
  <system-out/>
  <testcase classname="com.gapi.testCases.UsersRBAC" name="getUserdetailsRBAC" time="0.443"/>
  <system-out/>
  <testcase classname="com.gapi.testCases.UsersRBAC" name="getallRolesinfoRBAC" time="0.540"/>
  <system-out/>
  <testcase classname="com.gapi.testCases.UsersRBAC" name="sitepathAssociationRBAC" time="1.004"/>
  <system-out/>
  <testcase classname="com.gapi.testCases.UsersRBAC" name="sitepathAssociationRBAC" time="0.920"/>
  <system-out/>
  <testcase classname="com.gapi.testCases.UsersRBAC" name="createUserdetailsRBAC" time="0.783"/>
  <system-out/>
  <testcase classname="com.gapi.testCases.UsersRBAC" name="userAccountAssociationRBAC" time="0.928"/>
  <system-out/>
  <testcase classname="com.gapi.testCases.UsersRBAC" name="getallRolesinfoRBACinvalid" time="0.408"/>
  <system-out/>
  <testcase classname="com.gapi.testCases.UsersRBAC" name="multipleAssetsAssociationRBAC" time="1.104"/>
  <system-out/>
  <testcase classname="com.gapi.testCases.UsersRBAC" name="createUserwithoutmandatoryparametersRBAC" time="0.406"/>
  <system-out/>
  <testcase classname="com.gapi.testCases.UsersRBAC" name="sitepathAssociationRBAC" time="0.969"/>
  <system-out/>
  <testcase classname="com.gapi.testCases.UsersRBAC" name="sitepathAssociationRBAC" time="0.941"/>
  <system-out/>
  <testcase classname="com.gapi.testCases.UsersRBAC" name="sitepathAssociationRBAC" time="0.906"/>
  <system-out/>
  <testcase classname="com.gapi.testCases.UsersRBAC" name="getallRolesinfoRBAC" time="0.426"/>
  <system-out/>
  <testcase classname="com.gapi.testCases.UsersRBAC" name="sitepathAssociationRBAC" time="0.994"/>
  <system-out/>
  <testcase classname="com.gapi.testCases.UsersRBAC" name="sitepathAssociationRBAC" time="0.940"/>
  <system-out/>
  <testcase classname="com.gapi.testCases.UsersRBAC" name="sitepathAssociationRBAC" time="0.946"/>
  <system-out/>
  <testcase classname="com.gapi.testCases.UsersRBAC" name="createUserwithoutmandatoryparametersRBAC" time="0.394"/>
  <system-out/>
  <testcase classname="com.gapi.testCases.UsersRBAC" name="multipleAssetsAssociationRBAC" time="1.017"/>
  <system-out/>
  <testcase classname="com.gapi.testCases.UsersRBAC" name="sitepathAssociationRBAC" time="0.949"/>
  <system-out/>
  <testcase classname="com.gapi.testCases.UsersRBAC" name="sitepathAssociationRBAC" time="0.962"/>
  <system-out/>
  <testcase classname="com.gapi.testCases.UsersRBAC" name="sitepathAssociationRBAC" time="0.916"/>
  <system-out/>
</testsuite> <!-- com.gapi.testCases.UsersRBAC -->
