<?xml version="1.0" encoding="UTF-8"?>
<!-- Generated by org.testng.reporters.JUnitReportReporter -->
<testsuite hostname="WSAMZN-MVKF1909" failures="0" tests="4" name="com.gapi.testCases.GetPermanentBadgeDetails" time="4.826" errors="0" timestamp="2023-05-19T18:18:41 IST" skipped="0">
  <testcase classname="com.gapi.testCases.GetPermanentBadgeDetails" name="getPermanentBadgeInfoWithInvalidLegalentity" time="0.368"/>
  <system-out/>
  <testcase classname="com.gapi.testCases.GetPermanentBadgeDetails" name="getPermanentBadgeInfoWithInvalidToken" time="0.193"/>
  <system-out/>
  <testcase classname="com.gapi.testCases.GetPermanentBadgeDetails" name="getPermanentBadgeDetailsInfoWithInvalidGlobalUltimate" time="0.344"/>
  <system-out/>
  <testcase classname="com.gapi.testCases.GetPermanentBadgeDetails" name="getPermanentBadgeInfo" time="3.921"/>
  <system-out/>
</testsuite> <!-- com.gapi.testCases.GetPermanentBadgeDetails -->
