<?xml version="1.0" encoding="UTF-8"?>
<!-- Generated by org.testng.reporters.JUnitReportReporter -->
<testsuite hostname="WSAMZN-MVKF1909" failures="0" tests="4" name="com.gapi.testCases.EditCustomerSupportTicket" time="20.705" errors="0" timestamp="2023-05-19T18:18:41 IST" skipped="0">
  <testcase classname="com.gapi.testCases.EditCustomerSupportTicket" name="verifyEditTitleOfAnExistingCustomerSupportTicket" time="5.622"/>
  <system-out/>
  <testcase classname="com.gapi.testCases.EditCustomerSupportTicket" name="verifyEditNotificationRecipientsOfAnExistingCustomerSupportTicket" time="4.786"/>
  <system-out/>
  <testcase classname="com.gapi.testCases.EditCustomerSupportTicket" name="verifyEditCustomerReferenceOfAnExistingCustomerSupportTicket" time="5.230"/>
  <system-out/>
  <testcase classname="com.gapi.testCases.EditCustomerSupportTicket" name="verifyEditDescriptionOfAnExistingCustomerSupportTicket" time="5.067"/>
  <system-out/>
</testsuite> <!-- com.gapi.testCases.EditCustomerSupportTicket -->
