<?xml version="1.0" encoding="UTF-8"?>
<!-- Generated by org.testng.reporters.JUnitReportReporter -->
<testsuite hostname="WSAMZN-MVKF1909" failures="0" tests="2" name="com.gapi.testCases.AddCommentToTheShipmentsTicket" time="2.246" errors="0" timestamp="2023-05-19T18:18:41 IST" skipped="0">
  <testcase classname="com.gapi.testCases.AddCommentToTheShipmentsTicket" name="AddUsercommentsShipmentsTicket" time="2.099"/>
  <system-out/>
  <testcase classname="com.gapi.testCases.AddCommentToTheShipmentsTicket" name="verifyAddingsizeMaxSHTicketForWithmandatoryfieldsRequired" time="0.147"/>
  <system-out/>
</testsuite> <!-- com.gapi.testCases.AddCommentToTheShipmentsTicket -->
