<?xml version="1.0" encoding="UTF-8"?>
<!-- Generated by org.testng.reporters.JUnitReportReporter -->
<testsuite hostname="WSAMZN-MVKF1909" failures="0" tests="29" name="com.gapi.testCases.GetAllAssets" time="18.338" errors="0" timestamp="2023-05-19T18:18:41 IST" skipped="0">
  <testcase classname="com.gapi.testCases.GetAllAssets" name="getAllAssetsInformationUsingDifferentFilters" time="0.570"/>
  <system-out/>
  <testcase classname="com.gapi.testCases.GetAllAssets" name="getAllAssetsInformationUsingDifferentFilters" time="0.433"/>
  <system-out/>
  <testcase classname="com.gapi.testCases.GetAllAssets" name="getAllAssetsInformationUsingDifferentFilters" time="0.702"/>
  <system-out/>
  <testcase classname="com.gapi.testCases.GetAllAssets" name="getAllAssetsInformationUsingDifferentFilters" time="0.469"/>
  <system-out/>
  <testcase classname="com.gapi.testCases.GetAllAssets" name="getAllAssetsInformation" time="0.564"/>
  <system-out/>
  <testcase classname="com.gapi.testCases.GetAllAssets" name="getAllAssetsInformationUsingDifferentFilters" time="0.641"/>
  <system-out/>
  <testcase classname="com.gapi.testCases.GetAllAssets" name="getAllAssetsInformationUsingDifferentFilters" time="0.559"/>
  <system-out/>
  <testcase classname="com.gapi.testCases.GetAllAssets" name="getAllAssetsInformationUsingDifferentFilters" time="0.617"/>
  <system-out/>
  <testcase classname="com.gapi.testCases.GetAllAssets" name="getAllAssetsInformationUsingDifferentFilters" time="0.688"/>
  <system-out/>
  <testcase classname="com.gapi.testCases.GetAllAssets" name="verifyRetrievalofAssetNamesUsingAssetID" time="0.903"/>
  <system-out/>
  <testcase classname="com.gapi.testCases.GetAllAssets" name="getAllAssetsInformationUsingDifferentFilters" time="0.555"/>
  <system-out/>
  <testcase classname="com.gapi.testCases.GetAllAssets" name="vaidateTheCustomerAssetsUsingValidAccountIdAndParentID" time="1.826"/>
  <system-out/>
  <testcase classname="com.gapi.testCases.GetAllAssets" name="getAllAssetsInformationUsingDifferentFilters" time="0.606"/>
  <system-out/>
  <testcase classname="com.gapi.testCases.GetAllAssets" name="getAllAssetsInformationUsingDifferentFilters" time="0.636"/>
  <system-out/>
  <testcase classname="com.gapi.testCases.GetAllAssets" name="getAllAssetsInformationUsingDifferentFilters" time="0.630"/>
  <system-out/>
  <testcase classname="com.gapi.testCases.GetAllAssets" name="getAllAssetsInformationUsingDifferentFilters" time="0.592"/>
  <system-out/>
  <testcase classname="com.gapi.testCases.GetAllAssets" name="getAllAssetsInformationUsingDifferentFilters" time="0.593"/>
  <system-out/>
  <testcase classname="com.gapi.testCases.GetAllAssets" name="getAllAssetsInformationUsingDifferentFilters" time="0.556"/>
  <system-out/>
  <testcase classname="com.gapi.testCases.GetAllAssets" name="getAllAssetsInformationUsingDifferentFilters" time="0.599"/>
  <system-out/>
  <testcase classname="com.gapi.testCases.GetAllAssets" name="getAllAssetsInformationUsingDifferentFilters" time="0.660"/>
  <system-out/>
  <testcase classname="com.gapi.testCases.GetAllAssets" name="getAllAssetsInformationUsingDifferentFilters" time="0.610"/>
  <system-out/>
  <testcase classname="com.gapi.testCases.GetAllAssets" name="getAllAssetsInformationUsingDifferentFilters" time="0.565"/>
  <system-out/>
  <testcase classname="com.gapi.testCases.GetAllAssets" name="getAllAssetsInformationUsingDifferentFilters" time="0.629"/>
  <system-out/>
  <testcase classname="com.gapi.testCases.GetAllAssets" name="getAllAssetsInformationUsingDifferentFilters" time="0.459"/>
  <system-out/>
  <testcase classname="com.gapi.testCases.GetAllAssets" name="getAllAssetsInformationUsingDifferentFilters" time="0.575"/>
  <system-out/>
  <testcase classname="com.gapi.testCases.GetAllAssets" name="verifyRetrievalofAssetNamesUsingInvalidAssetID" time="0.381"/>
  <system-out/>
  <testcase classname="com.gapi.testCases.GetAllAssets" name="getAllAssetsInformationUsingDifferentFilters" time="0.663"/>
  <system-out/>
  <testcase classname="com.gapi.testCases.GetAllAssets" name="vaidateTheCustomerAssetsUsingInValidAccountIdAndInValidAssetID" time="0.522"/>
  <system-out/>
  <testcase classname="com.gapi.testCases.GetAllAssets" name="getAllAssetsInformationUsingDifferentFilters" time="0.535"/>
  <system-out/>
</testsuite> <!-- com.gapi.testCases.GetAllAssets -->
