<?xml version="1.0" encoding="UTF-8"?>
<!-- Generated by org.testng.reporters.JUnitReportReporter -->
<testsuite hostname="WSAMZN-MVKF1909" failures="0" tests="3" name="com.gapi.testCases.CreateAllFourInOne" time="5.288" errors="0" timestamp="2023-05-19T18:18:41 IST" skipped="0">
  <testcase classname="com.gapi.testCases.CreateAllFourInOne" name="CreatePermissionGroup" time="2.349"/>
  <system-out/>
  <testcase classname="com.gapi.testCases.CreateAllFourInOne" name="CreatePermissions" time="2.432"/>
  <system-out/>
  <testcase classname="com.gapi.testCases.CreateAllFourInOne" name="CreateRoles" time="0.507"/>
  <system-out/>
</testsuite> <!-- com.gapi.testCases.CreateAllFourInOne -->
