<?xml version="1.0" encoding="UTF-8"?>
<!-- Generated by org.testng.reporters.JUnitReportReporter -->
<testsuite hostname="WSAMZN-MVKF1909" failures="0" tests="1" name="com.gapi.testCases.GetAccounts" time="0.367" errors="0" timestamp="2023-05-19T18:18:41 IST" skipped="0">
  <testcase classname="com.gapi.testCases.GetAccounts" name="getAccountsInformation" time="0.367"/>
  <system-out/>
</testsuite> <!-- com.gapi.testCases.GetAccounts -->
