<?xml version="1.0" encoding="UTF-8"?>
<!-- Generated by org.testng.reporters.JUnitReportReporter -->
<testsuite hostname="WSAMZN-MVKF1909" failures="0" tests="7" name="com.gapi.testCases.GetAssets" time="3.224" errors="0" timestamp="2023-05-19T18:18:41 IST" skipped="0">
  <testcase classname="com.gapi.testCases.GetAssets" name="getLocationswithFilter" time="0.381"/>
  <system-out/>
  <testcase classname="com.gapi.testCases.GetAssets" name="getLocationswithFilter" time="0.412"/>
  <system-out/>
  <testcase classname="com.gapi.testCases.GetAssets" name="getAllAssetsInfo" time="0.575"/>
  <system-out/>
  <testcase classname="com.gapi.testCases.GetAssets" name="verifyAssetNames" time="0.383"/>
  <system-out/>
  <testcase classname="com.gapi.testCases.GetAssets" name="getLocationswithFilter" time="0.532"/>
  <system-out/>
  <testcase classname="com.gapi.testCases.GetAssets" name="getAssetInfoById" time="0.550"/>
  <system-out/>
  <testcase classname="com.gapi.testCases.GetAssets" name="getLocationswithFilter" time="0.391"/>
  <system-out/>
</testsuite> <!-- com.gapi.testCases.GetAssets -->
