<?xml version="1.0" encoding="UTF-8"?>
<!-- Generated by org.testng.reporters.JUnitReportReporter -->
<testsuite hostname="WSAMZN-MVKF1909" failures="0" tests="8" name="com.gapi.testCases.GetLocations" time="3.234" errors="0" timestamp="2023-05-19T18:18:41 IST" skipped="0">
  <testcase classname="com.gapi.testCases.GetLocations" name="getLocationsInformation" time="0.391"/>
  <system-out/>
  <testcase classname="com.gapi.testCases.GetLocations" name="getLocationsInformation" time="0.410"/>
  <system-out/>
  <testcase classname="com.gapi.testCases.GetLocations" name="getLocationswithFilter" time="0.400"/>
  <system-out/>
  <testcase classname="com.gapi.testCases.GetLocations" name="getLocationsInformation" time="0.389"/>
  <system-out/>
  <testcase classname="com.gapi.testCases.GetLocations" name="getLocationswithFilter" time="0.399"/>
  <system-out/>
  <testcase classname="com.gapi.testCases.GetLocations" name="getLocationsInformation" time="0.442"/>
  <system-out/>
  <testcase classname="com.gapi.testCases.GetLocations" name="getLocationswithFilter" time="0.393"/>
  <system-out/>
  <testcase classname="com.gapi.testCases.GetLocations" name="getLocationswithFilter" time="0.410"/>
  <system-out/>
</testsuite> <!-- com.gapi.testCases.GetLocations -->
