<?xml version="1.0" encoding="UTF-8"?>
<!-- Generated by org.testng.reporters.JUnitReportReporter -->
<testsuite hostname="WSAMZN-MVKF1909" failures="0" tests="4" name="com.gapi.testCases.GetPOPPOEDetails" time="3.908" errors="0" timestamp="2023-05-19T18:18:41 IST" skipped="0">
  <testcase classname="com.gapi.testCases.GetPOPPOEDetails" name="getPopDetailsInfoWithInvalidToken" time="0.192"/>
  <system-out/>
  <testcase classname="com.gapi.testCases.GetPOPPOEDetails" name="getPopDetailsInfoWithInvalidLegalentity" time="0.372"/>
  <system-out/>
  <testcase classname="com.gapi.testCases.GetPOPPOEDetails" name="getPopDetailsInfoWithInvalidGlobalUltimate" time="0.357"/>
  <system-out/>
  <testcase classname="com.gapi.testCases.GetPOPPOEDetails" name="getPopDetailsInfo" time="2.987"/>
  <system-out/>
</testsuite> <!-- com.gapi.testCases.GetPOPPOEDetails -->
