<?xml version="1.0" encoding="UTF-8"?>
<!-- Generated by org.testng.reporters.JUnitReportReporter -->
<testsuite hostname="WSAMZN-MVKF1909" failures="0" tests="12" name="com.gapi.testCases.GetRolesDetails" time="7.275" errors="0" timestamp="2023-05-19T18:18:41 IST" skipped="0">
  <testcase classname="com.gapi.testCases.GetRolesDetails" name="getallRolesinfo" time="0.424"/>
  <system-out/>
  <testcase classname="com.gapi.testCases.GetRolesDetails" name="getallRolesinfo" time="0.458"/>
  <system-out/>
  <testcase classname="com.gapi.testCases.GetRolesDetails" name="getallRolesinfo" time="0.497"/>
  <system-out/>
  <testcase classname="com.gapi.testCases.GetRolesDetails" name="getallRolesinfo" time="0.460"/>
  <system-out/>
  <testcase classname="com.gapi.testCases.GetRolesDetails" name="getallRolesinfo" time="0.444"/>
  <system-out/>
  <testcase classname="com.gapi.testCases.GetRolesDetails" name="getPrivilegesinfoByInvalidRoleId" time="0.884"/>
  <system-out/>
  <testcase classname="com.gapi.testCases.GetRolesDetails" name="getallRolesinfo" time="0.475"/>
  <system-out/>
  <testcase classname="com.gapi.testCases.GetRolesDetails" name="getallRolesinfo" time="0.466"/>
  <system-out/>
  <testcase classname="com.gapi.testCases.GetRolesDetails" name="getallRolesinfo" time="0.429"/>
  <system-out/>
  <testcase classname="com.gapi.testCases.GetRolesDetails" name="getRolesinfoByInvalidRoleId" time="0.848"/>
  <system-out/>
  <testcase classname="com.gapi.testCases.GetRolesDetails" name="getPrivilegesinfoByValidRoleId" time="0.946"/>
  <system-out/>
  <testcase classname="com.gapi.testCases.GetRolesDetails" name="getRolesinfoByValidRoleId" time="0.944"/>
  <system-out/>
</testsuite> <!-- com.gapi.testCases.GetRolesDetails -->
