<?xml version="1.0" encoding="UTF-8"?>
<!-- Generated by org.testng.reporters.JUnitReportReporter -->
<testsuite hostname="WSAMZN-MVKF1909" failures="0" tests="2" name="com.gapi.testCases.GetPermissionGroupDetails" time="1.889" errors="0" timestamp="2023-05-19T18:18:41 IST" skipped="0">
  <testcase classname="com.gapi.testCases.GetPermissionGroupDetails" name="createPermissionGroupInfoByGroupId" time="0.993"/>
  <system-out/>
  <testcase classname="com.gapi.testCases.GetPermissionGroupDetails" name="getPermissionGroupInfoByGroupId" time="0.896"/>
  <system-out/>
</testsuite> <!-- com.gapi.testCases.GetPermissionGroupDetails -->
