<?xml version="1.0" encoding="UTF-8"?>
<!-- Generated by org.testng.reporters.JUnitReportReporter -->
<testsuite hostname="WSAMZN-MVKF1909" failures="0" tests="12" name="com.gapi.testCases.EditShippingReceivingTicket" time="56.356" errors="0" timestamp="2023-05-19T18:18:41 IST" skipped="3">
  <testcase classname="com.gapi.testCases.EditShippingReceivingTicket" name="verifyEditEstimatedDeliveryDateOfAnExistingShippingReceivingTicket" time="4.979"/>
  <system-out/>
  <testcase classname="com.gapi.testCases.EditShippingReceivingTicket" name="verifyEditReferenceNumberOfAnExistingShippingReceivingTicket" time="5.111"/>
  <system-out/>
  <testcase classname="com.gapi.testCases.EditShippingReceivingTicket" name="verifyEditTitleOfAnExistingShippingReceivingTicket" time="4.549">
    <skipped/>
  </testcase> <!-- verifyEditTitleOfAnExistingShippingReceivingTicket -->
  <system-out/>
  <testcase classname="com.gapi.testCases.EditShippingReceivingTicket" name="verifyEditDescriptionOfAnExistingShippingReceivingTicket" time="4.804"/>
  <system-out/>
  <testcase classname="com.gapi.testCases.EditShippingReceivingTicket" name="verifyEditLoadingBayofanExistingSRTicket" time="4.936"/>
  <system-out/>
  <testcase classname="com.gapi.testCases.EditShippingReceivingTicket" name="verifyEditCourierOfAnExistingShippingReceivingTicket" time="5.055"/>
  <system-out/>
  <testcase classname="com.gapi.testCases.EditShippingReceivingTicket" name="verifyEditTrackingNumberOfAnExistingShippingReceivingTicket" time="5.044"/>
  <system-out/>
  <testcase classname="com.gapi.testCases.EditShippingReceivingTicket" name="editTheContactsOfAnExistingShippingReceivingTicket" time="5.449"/>
  <system-out/>
  <testcase classname="com.gapi.testCases.EditShippingReceivingTicket" name="verifyEditTitleOfAnExistingShippingReceivingTicket" time="5.601"/>
  <system-out/>
  <testcase classname="com.gapi.testCases.EditShippingReceivingTicket" name="verifyEditReferenceNumberOfAnExistingShippingReceivingTicket" time="4.718">
    <skipped/>
  </testcase> <!-- verifyEditReferenceNumberOfAnExistingShippingReceivingTicket -->
  <system-out/>
  <testcase classname="com.gapi.testCases.EditShippingReceivingTicket" name="verifyEditNumberOfPackagesOfAnExistingShippingReceivingTicket" time="4.721"/>
  <system-out/>
  <testcase classname="com.gapi.testCases.EditShippingReceivingTicket" name="verifyEditNumberOfPackagesOfAnExistingShippingReceivingTicket" time="1.389">
    <skipped/>
  </testcase> <!-- verifyEditNumberOfPackagesOfAnExistingShippingReceivingTicket -->
  <system-out/>
</testsuite> <!-- com.gapi.testCases.EditShippingReceivingTicket -->
