<?xml version="1.0" encoding="UTF-8"?>
<!-- Generated by org.testng.reporters.JUnitReportReporter -->
<testsuite hostname="WSAMZN-MVKF1909" failures="0" tests="26" name="com.gapi.testCases.GetReportsRequest" time="28.911" errors="0" timestamp="2023-05-19T18:18:41 IST" skipped="2">
  <testcase classname="com.gapi.testCases.GetReportsRequest" name="getDCIMReportsSortedWithDifferentFilters" time="1.082"/>
  <system-out/>
  <testcase classname="com.gapi.testCases.GetReportsRequest" name="getDCIMReportsSortedWithDifferentFilters" time="1.159"/>
  <system-out/>
  <testcase classname="com.gapi.testCases.GetReportsRequest" name="securityReportsSortedWithDifferentFilters" time="0.735"/>
  <system-out/>
  <testcase classname="com.gapi.testCases.GetReportsRequest" name="getAllSecurityPlannedReportsMaintenanceSortBy" time="0.860"/>
  <system-out/>
  <testcase classname="com.gapi.testCases.GetReportsRequest" name="getDownloadReportByDCIMID" time="4.191"/>
  <system-out/>
  <testcase classname="com.gapi.testCases.GetReportsRequest" name="securityReportsSortedWithDifferentFilters" time="0.721"/>
  <system-out/>
  <testcase classname="com.gapi.testCases.GetReportsRequest" name="getDownloadReportByDCIMID" time="2.164">
    <skipped/>
  </testcase> <!-- getDownloadReportByDCIMID -->
  <system-out/>
  <testcase classname="com.gapi.testCases.GetReportsRequest" name="getReportsWorkOrdersDetails" time="1.241"/>
  <system-out/>
  <testcase classname="com.gapi.testCases.GetReportsRequest" name="getAllSecurityPlannedReportsMaintenanceSortBy" time="0.896"/>
  <system-out/>
  <testcase classname="com.gapi.testCases.GetReportsRequest" name="getAllSecurityPlannedReportsMaintenanceSortBy" time="0.861"/>
  <system-out/>
  <testcase classname="com.gapi.testCases.GetReportsRequest" name="invalidReportBySecurityID" time="0.395"/>
  <system-out/>
  <testcase classname="com.gapi.testCases.GetReportsRequest" name="getDCIMReportsSortedWithDifferentFilters" time="1.164"/>
  <system-out/>
  <testcase classname="com.gapi.testCases.GetReportsRequest" name="getDownloadReportBySecurityID" time="3.112"/>
  <system-out/>
  <testcase classname="com.gapi.testCases.GetReportsRequest" name="getReportsDetailsusingFilters" time="0.834"/>
  <system-out/>
  <testcase classname="com.gapi.testCases.GetReportsRequest" name="securityReportsSortedWithDifferentFilters" time="0.727"/>
  <system-out/>
  <testcase classname="com.gapi.testCases.GetReportsRequest" name="securityReportsSortedWithDifferentFilters" time="0.743"/>
  <system-out/>
  <testcase classname="com.gapi.testCases.GetReportsRequest" name="getReportsDetailsusingFilters" time="0.889"/>
  <system-out/>
  <testcase classname="com.gapi.testCases.GetReportsRequest" name="getDCIMReportsSortedWithDifferentFilters" time="1.148"/>
  <system-out/>
  <testcase classname="com.gapi.testCases.GetReportsRequest" name="getReportsDetailsusingFilters" time="0.956">
    <skipped/>
  </testcase> <!-- getReportsDetailsusingFilters -->
  <system-out/>
  <testcase classname="com.gapi.testCases.GetReportsRequest" name="securityReportsSortedWithDifferentFilters" time="0.723"/>
  <system-out/>
  <testcase classname="com.gapi.testCases.GetReportsRequest" name="getReportsDetails" time="1.237"/>
  <system-out/>
  <testcase classname="com.gapi.testCases.GetReportsRequest" name="getDCIMReportsSortedWithDifferentFilters" time="0.892"/>
  <system-out/>
  <testcase classname="com.gapi.testCases.GetReportsRequest" name="getReportsDetailsSortBySite" time="0.142"/>
  <system-out/>
  <testcase classname="com.gapi.testCases.GetReportsRequest" name="getAllSecurityPlannedReportsMaintenanceSortBy" time="0.856"/>
  <system-out/>
  <testcase classname="com.gapi.testCases.GetReportsRequest" name="invalidReportByDCIMID" time="0.389"/>
  <system-out/>
  <testcase classname="com.gapi.testCases.GetReportsRequest" name="getAllSecurityPlannedReportsMaintenanceSortBy" time="0.794"/>
  <system-out/>
</testsuite> <!-- com.gapi.testCases.GetReportsRequest -->
