<?xml version="1.0" encoding="UTF-8"?>
<!-- Generated by org.testng.reporters.JUnitReportReporter -->
<testsuite hostname="WSAMZN-MVKF1909" failures="0" tests="14" name="com.gapi.testCases.GetCampus" time="9.087" errors="0" timestamp="2023-05-19T18:18:41 IST" skipped="0">
  <testcase classname="com.gapi.testCases.GetCampus" name="getCampusInformationUsingDifferentFilters" time="0.583"/>
  <system-out/>
  <testcase classname="com.gapi.testCases.GetCampus" name="getCampusInformationUsingDifferentFilters" time="0.600"/>
  <system-out/>
  <testcase classname="com.gapi.testCases.GetCampus" name="getCampusInformationUsingDifferentFilters" time="0.594"/>
  <system-out/>
  <testcase classname="com.gapi.testCases.GetCampus" name="getCampusInformationUsingDifferentFilters" time="0.614"/>
  <system-out/>
  <testcase classname="com.gapi.testCases.GetCampus" name="getCampusInformationUsingDifferentFilters" time="0.637"/>
  <system-out/>
  <testcase classname="com.gapi.testCases.GetCampus" name="getCampusInformation" time="0.987"/>
  <system-out/>
  <testcase classname="com.gapi.testCases.GetCampus" name="getCampusInformationUsingDifferentFilters" time="0.547"/>
  <system-out/>
  <testcase classname="com.gapi.testCases.GetCampus" name="getCampusInformationUsingDifferentFilters" time="0.551"/>
  <system-out/>
  <testcase classname="com.gapi.testCases.GetCampus" name="getCampusInformationUsingDifferentFilters" time="0.720"/>
  <system-out/>
  <testcase classname="com.gapi.testCases.GetCampus" name="getCampusInformationUsingDifferentFilters" time="0.579"/>
  <system-out/>
  <testcase classname="com.gapi.testCases.GetCampus" name="getCampusInformationUsingDifferentFilters" time="0.561"/>
  <system-out/>
  <testcase classname="com.gapi.testCases.GetCampus" name="getCampusInformationUsingDifferentFilters" time="0.587"/>
  <system-out/>
  <testcase classname="com.gapi.testCases.GetCampus" name="getCampusInformationUsingDifferentFilters" time="0.917"/>
  <system-out/>
  <testcase classname="com.gapi.testCases.GetCampus" name="getCampusInformationUsingDifferentFilters" time="0.610"/>
  <system-out/>
</testsuite> <!-- com.gapi.testCases.GetCampus -->
