<?xml version="1.0" encoding="UTF-8"?>
<!-- Generated by org.testng.reporters.JUnitReportReporter -->
<testsuite hostname="WSAMZN-MVKF1909" failures="0" tests="3" name="com.gapi.testCases.GetOSPDetails" time="2.802" errors="0" timestamp="2023-05-19T18:18:41 IST" skipped="0">
  <testcase classname="com.gapi.testCases.GetOSPDetails" name="getOSPDetailsInfoWithInvalidGlobalUltimate" time="0.607"/>
  <system-out/>
  <testcase classname="com.gapi.testCases.GetOSPDetails" name="getOSPDetailsInfo" time="1.811"/>
  <system-out/>
  <testcase classname="com.gapi.testCases.GetOSPDetails" name="getOSPDetailsInfoWithInvalidToken" time="0.384"/>
  <system-out/>
</testsuite> <!-- com.gapi.testCases.GetOSPDetails -->
