<?xml version="1.0" encoding="UTF-8"?>
<!-- Generated by org.testng.reporters.JUnitReportReporter -->
<testsuite hostname="WSAMZN-MVKF1909" failures="0" tests="2" name="com.gapi.testCases.GetCountries" time="1.255" errors="0" timestamp="2023-05-19T18:18:41 IST" skipped="0">
  <testcase classname="com.gapi.testCases.GetCountries" name="getCountriesInformationusingfilters" time="0.697"/>
  <system-out/>
  <testcase classname="com.gapi.testCases.GetCountries" name="getCountriesInformation" time="0.558"/>
  <system-out/>
</testsuite> <!-- com.gapi.testCases.GetCountries -->
